###############################################################
#  Generated by:      Cadence Innovus 21.15-s110_1
#  OS:                Linux x86_64(Host ID cadence66)
#  Generated on:      Sun Sep 14 18:05:12 2025
#  Design:            picorv32_main
#  Command:           verify_drc
###############################################################

#set_verify_drc_mode -area {0 0 0 0} -check_ndr_spacing auto -check_only default \
-check_same_via_cell true -disable_rules "" -exclude_pg_net false \
-ignore_cell_blockage false -ignore_trial_route false -limit 10000 \
-report /home/testan/TYAGI/mydesign_after_fix_clean.drc.rpt \
-use_min_spacing_on_block_obs auto

=================================================================
                 DRC VERIFICATION REPORT
=================================================================

Summary:
  Total DRC Violations : 0
  Total Shorts         : 0
  Total Spacing Errors : 0
  Total Enclosure Errs : 0
  Total Other Errors   : 0

Result:  Design is DRC CLEAN (No violations found).
