============================================================
  Generated by:           Genus(TM) Synthesis Solution 21.14-s082_1
  Generated on:           Sep 06 2025  08:26:27 am
  Module:                 picorv32_main
  Operating conditions:   tt_100C_1v80 (balanced_tree)
  Wireload mode:          top
  Area mode:              timing library
============================================================

Timing
--------

Clock  Period 
--------------
clk   10000.0 


  Cost    Critical         Violating 
 Group   Path Slack  TNS     Paths   
-------------------------------------
clk            30.1   0.0          0 
default    No paths   0.0            
-------------------------------------
Total                 0.0          0 

Instance Count
--------------
Leaf Instance Count             6459 
Physical Instance count            0 
Sequential Instance Count       1557 
Combinational Instance Count    4902 
Hierarchical Instance Count        0 

Area
----
Cell Area                          69708.105
Physical Cell Area                 0.000
Total Cell Area (Cell+Physical)    69708.105
Net Area                           0.000
Total Area (Cell+Physical+Net)     69708.105

Max Fanout                         1557 (clk)
Min Fanout                         1 (decoder_pseudo_trigger)
Average Fanout                     2.9
Terms to net ratio                 3.8058
Terms to instance ratio            3.9619
Runtime                            150.07639700000018 seconds
Elapsed Runtime                    404 seconds
Genus peak memory usage            1756.14 
Innovus peak memory usage          no_value 
Hostname                           localhost
