============================================================
  Generated by:           Genus(TM) Synthesis Solution 21.14-s082_1
  Generated on:           Sep 06 2025  08:25:26 am
  Module:                 picorv32_main
  Operating conditions:   tt_100C_1v80 (balanced_tree)
  Wireload mode:          top
  Area mode:              timing library
============================================================


Path 1: MET (30 ps) Setup Check with Pin reg_next_pc_reg[31]/CLK->D
          Group: clk
     Startpoint: (R) latched_store_reg/CLK
          Clock: (R) clk
       Endpoint: (F) reg_next_pc_reg[31]/D
          Clock: (R) clk

                     Capture       Launch     
        Clock Edge:+   10000            0     
       Src Latency:+       0            0     
       Net Latency:+       0 (I)        0 (I) 
           Arrival:=   10000            0     
                                              
             Setup:-     107                  
     Required Time:=    9893                  
      Launch Clock:-       0                  
         Data Path:-    9863                  
             Slack:=      30                  

#-------------------------------------------------------------------------------------------------------------------
#     Timing Point      Flags     Arc     Edge            Cell             Fanout Load Trans Delay Arrival Instance 
#                                                                                 (fF)  (ps)  (ps)   (ps)  Location 
#-------------------------------------------------------------------------------------------------------------------
  latched_store_reg/CLK -       -         R     (arrival)                    1557    -     0     0       0    (-,-) 
  latched_store_reg/Q   -       CLK->Q    F     sky130_fd_sc_hd__dfxtp_1        5 13.1    79   325     325    (-,-) 
  g71794__1617/X        -       B->X      F     sky130_fd_sc_hd__and3_1         6 15.0    99   231     556    (-,-) 
  g168537/X             -       A1->X     F     sky130_fd_sc_hd__a22o_1         1  2.6    44   212     767    (-,-) 
  g71970__7410/X        -       B1->X     F     sky130_fd_sc_hd__a21o_1         3  7.5    60   172     939    (-,-) 
  ADD_UNS_OP_g833/Y     -       A->Y      R     sky130_fd_sc_hd__nand2_1        4 10.9   110   106    1045    (-,-) 
  ADD_UNS_OP_g798/Y     -       A1->Y     F     sky130_fd_sc_hd__o21ai_1        2  6.8    87   117    1162    (-,-) 
  ADD_UNS_OP_g797/Y     -       B1->Y     R     sky130_fd_sc_hd__o21ai_1        1  2.7    97    86    1247    (-,-) 
  ADD_UNS_OP_g795/Y     -       A->Y      F     sky130_fd_sc_hd__nand2_1        2  7.1    75    95    1342    (-,-) 
  ADD_UNS_OP_g794/Y     -       A->Y      R     sky130_fd_sc_hd__nand2_1        1  2.7    44    63    1405    (-,-) 
  ADD_UNS_OP_g792/Y     -       A->Y      F     sky130_fd_sc_hd__nand2_1        2  6.8    67    76    1481    (-,-) 
  ADD_UNS_OP_g791/Y     -       B1->Y     R     sky130_fd_sc_hd__o21ai_1        1  2.7    97    77    1558    (-,-) 
  ADD_UNS_OP_g789/Y     -       A->Y      F     sky130_fd_sc_hd__nand2_1        2  7.1    75    95    1653    (-,-) 
  ADD_UNS_OP_g788/Y     -       A->Y      R     sky130_fd_sc_hd__nand2_1        1  2.7    44    63    1716    (-,-) 
  ADD_UNS_OP_g786/Y     -       A->Y      F     sky130_fd_sc_hd__nand2_1        2  7.1    70    78    1794    (-,-) 
  ADD_UNS_OP_g785/Y     -       A->Y      R     sky130_fd_sc_hd__nand2_1        1  2.7    44    61    1855    (-,-) 
  ADD_UNS_OP_g783/Y     -       A->Y      F     sky130_fd_sc_hd__nand2_1        2  6.8    67    76    1931    (-,-) 
  ADD_UNS_OP_g782/Y     -       B1->Y     R     sky130_fd_sc_hd__o21ai_1        1  2.7    97    77    2008    (-,-) 
  ADD_UNS_OP_g780/Y     -       A->Y      F     sky130_fd_sc_hd__nand2_1        2  7.1    75    95    2103    (-,-) 
  ADD_UNS_OP_g779/Y     -       A->Y      R     sky130_fd_sc_hd__nand2_1        1  2.7    44    63    2166    (-,-) 
  ADD_UNS_OP_g777/Y     -       A->Y      F     sky130_fd_sc_hd__nand2_1        2  6.8    67    76    2242    (-,-) 
  ADD_UNS_OP_g776/Y     -       B1->Y     R     sky130_fd_sc_hd__o21ai_1        1  2.7    97    77    2319    (-,-) 
  ADD_UNS_OP_g774/Y     -       A->Y      F     sky130_fd_sc_hd__nand2_1        2  7.1    75    95    2414    (-,-) 
  ADD_UNS_OP_g773/Y     -       A->Y      R     sky130_fd_sc_hd__nand2_1        1  2.7    44    63    2477    (-,-) 
  ADD_UNS_OP_g771/Y     -       A->Y      F     sky130_fd_sc_hd__nand2_1        2  6.8    67    76    2553    (-,-) 
  ADD_UNS_OP_g770/Y     -       B1->Y     R     sky130_fd_sc_hd__o21ai_1        1  2.7    97    77    2630    (-,-) 
  ADD_UNS_OP_g768/Y     -       A->Y      F     sky130_fd_sc_hd__nand2_1        1  4.8    60    80    2711    (-,-) 
  g168565/COUT          -       CIN->COUT F     sky130_fd_sc_hd__fa_1           1  4.8    86   370    3081    (-,-) 
  g168564/COUT          -       CIN->COUT F     sky130_fd_sc_hd__fa_1           1  4.8    86   378    3459    (-,-) 
  g168563/COUT          -       CIN->COUT F     sky130_fd_sc_hd__fa_1           1  4.8    86   378    3838    (-,-) 
  g168562/COUT          -       CIN->COUT F     sky130_fd_sc_hd__fa_1           1  4.8    86   378    4216    (-,-) 
  g168561/COUT          -       CIN->COUT F     sky130_fd_sc_hd__fa_1           1  4.8    86   378    4595    (-,-) 
  g168560/COUT          -       CIN->COUT F     sky130_fd_sc_hd__fa_1           1  4.8    86   378    4973    (-,-) 
  g168559/COUT          -       CIN->COUT F     sky130_fd_sc_hd__fa_1           2  7.8   105   404    5377    (-,-) 
  g168411/X             -       C->X      F     sky130_fd_sc_hd__maj3_1         1  4.8    83   370    5747    (-,-) 
  ADD_UNS_OP_g743/COUT  -       CIN->COUT F     sky130_fd_sc_hd__fa_1           1  4.8    86   378    6125    (-,-) 
  ADD_UNS_OP_g742/COUT  -       CIN->COUT F     sky130_fd_sc_hd__fa_1           1  4.8    86   378    6503    (-,-) 
  ADD_UNS_OP_g741/COUT  -       CIN->COUT F     sky130_fd_sc_hd__fa_1           1  4.8    86   378    6882    (-,-) 
  ADD_UNS_OP_g740/COUT  -       CIN->COUT F     sky130_fd_sc_hd__fa_1           1  4.8    86   378    7260    (-,-) 
  ADD_UNS_OP_g739/COUT  -       CIN->COUT F     sky130_fd_sc_hd__fa_1           1  4.8    86   378    7639    (-,-) 
  ADD_UNS_OP_g738/COUT  -       CIN->COUT F     sky130_fd_sc_hd__fa_1           1  4.8    86   378    8017    (-,-) 
  ADD_UNS_OP_g737/COUT  -       CIN->COUT F     sky130_fd_sc_hd__fa_1           1  4.8    86   378    8396    (-,-) 
  ADD_UNS_OP_g736/COUT  -       CIN->COUT F     sky130_fd_sc_hd__fa_1           1  4.8    86   378    8774    (-,-) 
  ADD_UNS_OP_g735/COUT  -       CIN->COUT F     sky130_fd_sc_hd__fa_1           1  4.8    86   378    9153    (-,-) 
  ADD_UNS_OP_g734/COUT  -       CIN->COUT F     sky130_fd_sc_hd__fa_1           2  5.3    89   383    9536    (-,-) 
  ADD_UNS_OP_g733/Y     -       A2_N->Y   F     sky130_fd_sc_hd__o2bb2ai_1      1  2.6    59   136    9672    (-,-) 
  g166097/Y             -       B1->Y     R     sky130_fd_sc_hd__a22oi_1        1  2.8   145   131    9803    (-,-) 
  g165621/Y             -       B->Y      F     sky130_fd_sc_hd__nor2_1         1  2.0    40    56    9859    (-,-) 
  reg_next_pc_reg[31]/D <<<     -         F     sky130_fd_sc_hd__dfxtp_1        1    -     -     4    9863    (-,-) 
#-------------------------------------------------------------------------------------------------------------------

