###############################################################
#  Generated by:      Cadence Pegasus LVS 21.15-s110_1
#  OS:                Linux x86_64(Host ID cadence66)
#  Generated on:      Sun Sep 14 18:30:42 2025
#  Design:            picorv32_main
#  Command:           verify_lvs
###############################################################

#set_verify_lvs_mode -report /home/testan/TYAGI/mydesign_after_fix_clean.lvs.rpt \
-compare_top_cell true -ignore_pg_net false -check_xor false \
-use_equiv_netlist true -limit 10000

=================================================================
                 LVS VERIFICATION REPORT
=================================================================

Summary:
  Netlist Comparison      : PASSED
  Device Matching         : PASSED
  Connectivity            : PASSED
  Shorts                  : 0
  Opens                   : 0
  Missing Devices         : 0
  Extra Devices           : 0
  Parameter Mismatch      : 0

Result:  LVS CLEAN (Layout matches Schematic).
