###############################################################
#  Generated by:      Cadence Tempus 21.18-s100_1
#  OS:                Linux x86_64(Host ID cadence66)
#  Generated on:      Sun Sep 14 19:22:11 2025
#  Design:            picorv32_main
#  Command:           report_timing -max_paths 10 > reports/timing.rpt
###############################################################
Path 1: MET Setup Check with Pin reg_out_reg[31]/CLK 
Endpoint:   reg_out_reg[31]/D    (v) checked with  leading edge of 'clk'
Beginpoint: decoded_imm_reg[1]/Q (v) triggered by  leading edge of 'clk'
Path Groups: {clk}
Other End Arrival Time          0.875
- Setup                         0.095
+ Phase Shift                  10.000
= Required Time                10.780
- Arrival Time                 10.692
= Slack Time                    0.088
     Clock Rise Edge                 0.000
     + Clock Network Latency (Prop)  0.898
     = Beginpoint Arrival Time       0.898
      --------------------------------------------------------------------------------------------------
      Instance                     Arc              Cell                        Delay  Arrival  Required  
                                                                                       Time     Time  
      --------------------------------------------------------------------------------------------------
      decoded_imm_reg[1]           CLK ^            -                           -      0.898    0.986  
      decoded_imm_reg[1]           CLK ^ -> Q v     sky130_fd_sc_hd__dfxtp_1    0.387  1.285    1.373  
      FE_OFC1907_decoded_imm_1     A v -> X v       sky130_fd_sc_hd__buf_4      0.171  1.456    1.544  
      add_1806_23_g2356            A v -> Y ^       sky130_fd_sc_hd__nand2_1    0.122  1.578    1.666  
      add_1806_23_g2304            A1 ^ -> Y v      sky130_fd_sc_hd__o21ai_2    0.102  1.681    1.769  
      add_1806_23_g2303            A v -> Y ^       sky130_fd_sc_hd__nand2_1    0.060  1.741    1.829  
      add_1806_23_g2301            A ^ -> Y v       sky130_fd_sc_hd__nand2_1    0.066  1.806    1.894  
      g173161                      CIN v -> COUT v  sky130_fd_sc_hd__fa_1       0.405  2.211    2.299  
      add_1806_23_g2297            CIN v -> COUT v  sky130_fd_sc_hd__fa_1       0.390  2.601    2.689  
      g173160                      CIN v -> COUT v  sky130_fd_sc_hd__fa_1       0.427  3.028    3.116  
      g173159                      CIN v -> COUT v  sky130_fd_sc_hd__fa_2       0.381  3.409    3.497  
      add_1806_23_g2290            A v -> Y ^       sky130_fd_sc_hd__nand2_1    0.107  3.516    3.604  
      add_1806_23_g2287            B2 ^ -> X ^      sky130_fd_sc_hd__o221a_2    0.248  3.764    3.852  
      FE_RC_15_0                   A2 ^ -> Y v      sky130_fd_sc_hd__o21ai_2    0.070  3.834    3.922  
      g173158                      CIN v -> COUT v  sky130_fd_sc_hd__fa_1       0.378  4.211    4.299  
      g173157                      CIN v -> COUT v  sky130_fd_sc_hd__fa_1       0.383  4.595    4.682  
      g173156                      CIN v -> COUT v  sky130_fd_sc_hd__fa_1       0.402  4.996    5.084  
      g173155                      CIN v -> COUT v  sky130_fd_sc_hd__fa_1       0.399  5.396    5.484  
      add_1806_23_g2271            CIN v -> COUT v  sky130_fd_sc_hd__fa_2       0.362  5.758    5.846  
      add_1806_23_g2270            A v -> Y ^       sky130_fd_sc_hd__nand2_1    0.103  5.862    5.949  
      FE_RC_18_0                   A2 ^ -> Y v      sky130_fd_sc_hd__o211ai_2   0.098  5.960    6.048  
      add_1806_23_g2265            CIN v -> COUT v  sky130_fd_sc_hd__fa_1       0.385  6.345    6.433  
      add_1806_23_g2264            CIN v -> COUT v  sky130_fd_sc_hd__fa_1       0.378  6.723    6.810  
      add_1806_23_g2263            CIN v -> COUT v  sky130_fd_sc_hd__fa_1       0.378  7.100    7.188  
      add_1806_23_g2262            CIN v -> COUT v  sky130_fd_sc_hd__fa_1       0.387  7.487    7.575  
      add_1806_23_g2261            CIN v -> COUT v  sky130_fd_sc_hd__fa_1       0.402  7.889    7.977  
      FE_RC_20_0                   C v -> X v       sky130_fd_sc_hd__maj3_2     0.344  8.233    8.321  
      add_1806_23_g2259            B v -> Y ^       sky130_fd_sc_hd__nand2b_1   0.102  8.335    8.423  
      FE_RC_13_0                   A2 ^ -> Y v      sky130_fd_sc_hd__o211ai_1   0.094  8.429    8.517  
      FE_OFC98_add_1806_23_n_1080  A v -> X v       sky130_fd_sc_hd__buf_1      0.116  8.545    8.633  
      add_1806_23_g2254            CIN v -> COUT v  sky130_fd_sc_hd__fa_1       0.366  8.910    8.998  
      add_1806_23_g2253            CIN v -> COUT v  sky130_fd_sc_hd__fa_1       0.375  9.285    9.373  
      add_1806_23_g2252            CIN v -> COUT v  sky130_fd_sc_hd__fa_1       0.377  9.662    9.750  
      add_1806_23_g2251            CIN v -> COUT v  sky130_fd_sc_hd__fa_1       0.380  10.042   10.130  
      add_1806_23_g2250            CIN v -> COUT v  sky130_fd_sc_hd__fa_1       0.379  10.421   10.509  
      add_1806_23_g2249            A2_N v -> Y v    sky130_fd_sc_hd__o2bb2ai_1  0.135  10.557   10.645  
      g170851                      A v -> Y ^       sky130_fd_sc_hd__nand2_1    0.053  10.610   10.698  
      g168933                      A ^ -> Y v       sky130_fd_sc_hd__nand4_1    0.082  10.692   10.780  
      reg_out_reg[31]              D v              sky130_fd_sc_hd__dfxtp_1    0.000  10.692   10.780  
      --------------------------------------------------------------------------------------------------
Path 2: MET Setup Check with Pin reg_next_pc_reg[31]/CLK 
Endpoint:   reg_next_pc_reg[31]/D (v) checked with  leading edge of 'clk'
Beginpoint: latched_branch_reg/Q  (v) triggered by  leading edge of 'clk'
Path Groups: {clk}
Other End Arrival Time          0.875
- Setup                         0.075
+ Phase Shift                  10.000
= Required Time                10.800
- Arrival Time                 10.710
= Slack Time                    0.090
     Clock Rise Edge                 0.000
     + Clock Network Latency (Prop)  0.873
     = Beginpoint Arrival Time       0.873
      ------------------------------------------------------------------------------------------------
      Instance                   Arc              Cell                        Delay  Arrival  Required  
                                                                                     Time     Time  
      ------------------------------------------------------------------------------------------------
      latched_branch_reg         CLK ^            -                           -      0.873    0.963  
      latched_branch_reg         CLK ^ -> Q v     sky130_fd_sc_hd__dfxbp_2    0.396  1.269    1.359  
      FE_OFC1740_latched_branch  A v -> X v       sky130_fd_sc_hd__buf_8      0.158  1.426    1.516  
      g77116__2802               A v -> X v       sky130_fd_sc_hd__and3_4     0.181  1.607    1.697  
      g77005__9315               A v -> Y ^       sky130_fd_sc_hd__nand2_1    0.059  1.666    1.756  
      g76939__6131               A ^ -> Y v       sky130_fd_sc_hd__nand2_1    0.049  1.716    1.806  
      g77271__1705               B1 v -> X v      sky130_fd_sc_hd__a21o_1     0.181  1.896    1.986  
      ADD_UNS_OP_g834            A v -> Y ^       sky130_fd_sc_hd__nand2_1    0.120  2.016    2.106  
      ADD_UNS_OP_g798            A1 ^ -> Y v      sky130_fd_sc_hd__o21ai_2    0.100  2.116    2.206  
      g173148                    B1 v -> Y ^      sky130_fd_sc_hd__o21ai_1    0.077  2.193    2.282  
      ADD_UNS_OP_g795            A ^ -> Y v       sky130_fd_sc_hd__nand2_1    0.109  2.301    2.391  
      ADD_UNS_OP_g794            B1 v -> Y ^      sky130_fd_sc_hd__o21ai_2    0.076  2.377    2.467  
      ADD_UNS_OP_g792            A ^ -> Y v       sky130_fd_sc_hd__nand2_2    0.075  2.452    2.542  
      ADD_UNS_OP_g791            A v -> Y ^       sky130_fd_sc_hd__nand2_1    0.072  2.525    2.615  
      ADD_UNS_OP_g789            A ^ -> Y v       sky130_fd_sc_hd__nand2_2    0.076  2.600    2.690  
      ADD_UNS_OP_g788            B1 v -> Y ^      sky130_fd_sc_hd__o21ai_2    0.055  2.655    2.745  
      ADD_UNS_OP_g786            A ^ -> Y v       sky130_fd_sc_hd__nand2_1    0.119  2.774    2.864  
      ADD_UNS_OP_g785            A v -> Y ^       sky130_fd_sc_hd__nand2_1    0.089  2.863    2.953  
      ADD_UNS_OP_g783            A ^ -> Y v       sky130_fd_sc_hd__nand2_2    0.063  2.926    3.016  
      ADD_UNS_OP_g782            A v -> Y ^       sky130_fd_sc_hd__nand2_1    0.071  2.997    3.087  
      ADD_UNS_OP_g780            A ^ -> Y v       sky130_fd_sc_hd__nand2_2    0.065  3.063    3.152  
      ADD_UNS_OP_g779            B1 v -> Y ^      sky130_fd_sc_hd__o21ai_1    0.076  3.139    3.229  
      ADD_UNS_OP_g777            A ^ -> Y v       sky130_fd_sc_hd__nand2_1    0.100  3.239    3.329  
      ADD_UNS_OP_g776            A v -> Y ^       sky130_fd_sc_hd__nand2_1    0.081  3.320    3.410  
      ADD_UNS_OP_g774            A ^ -> Y v       sky130_fd_sc_hd__nand2_2    0.061  3.382    3.472  
      ADD_UNS_OP_g773            A v -> Y ^       sky130_fd_sc_hd__nand2_1    0.065  3.447    3.537  
      ADD_UNS_OP_g771            A ^ -> Y v       sky130_fd_sc_hd__nand2_2    0.066  3.514    3.603  
      g173005                    C v -> X v       sky130_fd_sc_hd__maj3_2     0.322  3.836    3.926  
      g173004                    A v -> X v       sky130_fd_sc_hd__maj3_2     0.333  4.169    4.259  
      g173003                    C v -> X v       sky130_fd_sc_hd__maj3_2     0.341  4.510    4.599  
      g173002                    C v -> X v       sky130_fd_sc_hd__maj3_2     0.342  4.851    4.941  
      g173001                    C v -> X v       sky130_fd_sc_hd__maj3_2     0.334  5.185    5.275  
      g173000                    C v -> X v       sky130_fd_sc_hd__maj3_2     0.335  5.520    5.610  
      g172999                    C v -> X v       sky130_fd_sc_hd__maj3_2     0.323  5.843    5.933  
      g173154                    CIN v -> COUT v  sky130_fd_sc_hd__fa_2       0.354  6.198    6.287  
      g172997                    C v -> X v       sky130_fd_sc_hd__maj3_1     0.372  6.570    6.659  
      ADD_UNS_OP_g743            CIN v -> COUT v  sky130_fd_sc_hd__fa_1       0.389  6.958    7.048  
      ADD_UNS_OP_g742            CIN v -> COUT v  sky130_fd_sc_hd__fa_1       0.388  7.346    7.435  
      ADD_UNS_OP_g741            CIN v -> COUT v  sky130_fd_sc_hd__fa_1       0.396  7.741    7.831  
      ADD_UNS_OP_g740            CIN v -> COUT v  sky130_fd_sc_hd__fa_1       0.387  8.128    8.218  
      ADD_UNS_OP_g739            CIN v -> COUT v  sky130_fd_sc_hd__fa_1       0.396  8.524    8.614  
      ADD_UNS_OP_g738            CIN v -> COUT v  sky130_fd_sc_hd__fa_1       0.388  8.912    9.002  
      ADD_UNS_OP_g737            CIN v -> COUT v  sky130_fd_sc_hd__fa_1       0.381  9.293    9.383  
      ADD_UNS_OP_g736            CIN v -> COUT v  sky130_fd_sc_hd__fa_1       0.381  9.674    9.764  
      ADD_UNS_OP_g735            CIN v -> COUT v  sky130_fd_sc_hd__fa_1       0.382  10.056   10.146  
      ADD_UNS_OP_g734            CIN v -> COUT v  sky130_fd_sc_hd__fa_2       0.363  10.419   10.509  
      ADD_UNS_OP_g733            A2_N v -> Y v    sky130_fd_sc_hd__o2bb2ai_2  0.138  10.557   10.647  
      FE_RC_22_0                 B2 v -> Y ^      sky130_fd_sc_hd__a2bb2oi_2  0.104  10.661   10.751  
      g170089                    B ^ -> Y v       sky130_fd_sc_hd__nor2_1     0.049  10.710   10.800  
      reg_next_pc_reg[31]        D v              sky130_fd_sc_hd__dfxtp_1    0.000  10.710   10.800  
      ------------------------------------------------------------------------------------------------
Path 3: MET Setup Check with Pin reg_next_pc_reg[30]/CLK 
Endpoint:   reg_next_pc_reg[30]/D (^) checked with  leading edge of 'clk'
Beginpoint: latched_branch_reg/Q  (v) triggered by  leading edge of 'clk'
Path Groups: {clk}
Other End Arrival Time          0.867
- Setup                         0.046
+ Phase Shift                  10.000
= Required Time                10.821
- Arrival Time                 10.718
= Slack Time                    0.103
     Clock Rise Edge                 0.000
     + Clock Network Latency (Prop)  0.873
     = Beginpoint Arrival Time       0.873
      ----------------------------------------------------------------------------------------------
      Instance                   Arc              Cell                      Delay  Arrival  Required  
                                                                                   Time     Time  
      ----------------------------------------------------------------------------------------------
      latched_branch_reg         CLK ^            -                         -      0.873    0.977  
      latched_branch_reg         CLK ^ -> Q v     sky130_fd_sc_hd__dfxbp_2  0.396  1.269    1.372  
      FE_OFC1740_latched_branch  A v -> X v       sky130_fd_sc_hd__buf_8    0.158  1.426    1.530  
      g77116__2802               A v -> X v       sky130_fd_sc_hd__and3_4   0.181  1.607    1.711  
      g77005__9315               A v -> Y ^       sky130_fd_sc_hd__nand2_1  0.059  1.666    1.770  
      g76939__6131               A ^ -> Y v       sky130_fd_sc_hd__nand2_1  0.049  1.716    1.819  
      g77271__1705               B1 v -> X v      sky130_fd_sc_hd__a21o_1   0.181  1.896    2.000  
      ADD_UNS_OP_g834            A v -> Y ^       sky130_fd_sc_hd__nand2_1  0.120  2.016    2.119  
      ADD_UNS_OP_g798            A1 ^ -> Y v      sky130_fd_sc_hd__o21ai_2  0.100  2.116    2.219  
      g173148                    B1 v -> Y ^      sky130_fd_sc_hd__o21ai_1  0.077  2.193    2.296  
      ADD_UNS_OP_g795            A ^ -> Y v       sky130_fd_sc_hd__nand2_1  0.109  2.301    2.405  
      ADD_UNS_OP_g794            B1 v -> Y ^      sky130_fd_sc_hd__o21ai_2  0.076  2.377    2.481  
      ADD_UNS_OP_g792            A ^ -> Y v       sky130_fd_sc_hd__nand2_2  0.075  2.452    2.556  
      ADD_UNS_OP_g791            A v -> Y ^       sky130_fd_sc_hd__nand2_1  0.072  2.525    2.628  
      ADD_UNS_OP_g789            A ^ -> Y v       sky130_fd_sc_hd__nand2_2  0.076  2.600    2.704  
      ADD_UNS_OP_g788            B1 v -> Y ^      sky130_fd_sc_hd__o21ai_2  0.055  2.655    2.758  
      ADD_UNS_OP_g786            A ^ -> Y v       sky130_fd_sc_hd__nand2_1  0.119  2.774    2.877  
      ADD_UNS_OP_g785            A v -> Y ^       sky130_fd_sc_hd__nand2_1  0.089  2.863    2.966  
      ADD_UNS_OP_g783            A ^ -> Y v       sky130_fd_sc_hd__nand2_2  0.063  2.926    3.029  
      ADD_UNS_OP_g782            A v -> Y ^       sky130_fd_sc_hd__nand2_1  0.071  2.997    3.100  
      ADD_UNS_OP_g780            A ^ -> Y v       sky130_fd_sc_hd__nand2_2  0.065  3.063    3.166  
      ADD_UNS_OP_g779            B1 v -> Y ^      sky130_fd_sc_hd__o21ai_1  0.076  3.139    3.242  
      ADD_UNS_OP_g777            A ^ -> Y v       sky130_fd_sc_hd__nand2_1  0.100  3.239    3.342  
      ADD_UNS_OP_g776            A v -> Y ^       sky130_fd_sc_hd__nand2_1  0.081  3.320    3.424  
      ADD_UNS_OP_g774            A ^ -> Y v       sky130_fd_sc_hd__nand2_2  0.061  3.382    3.485  
      ADD_UNS_OP_g773            A v -> Y ^       sky130_fd_sc_hd__nand2_1  0.065  3.447    3.551  
      ADD_UNS_OP_g771            A ^ -> Y v       sky130_fd_sc_hd__nand2_2  0.066  3.514    3.617  
      g173005                    C v -> X v       sky130_fd_sc_hd__maj3_2   0.322  3.836    3.939  
      g173004                    A v -> X v       sky130_fd_sc_hd__maj3_2   0.333  4.169    4.272  
      g173003                    C v -> X v       sky130_fd_sc_hd__maj3_2   0.341  4.510    4.613  
      g173002                    C v -> X v       sky130_fd_sc_hd__maj3_2   0.342  4.851    4.955  
      g173001                    C v -> X v       sky130_fd_sc_hd__maj3_2   0.334  5.185    5.288  
      g173000                    C v -> X v       sky130_fd_sc_hd__maj3_2   0.335  5.520    5.624  
      g172999                    C v -> X v       sky130_fd_sc_hd__maj3_2   0.323  5.843    5.947  
      g173154                    CIN v -> COUT v  sky130_fd_sc_hd__fa_2     0.354  6.198    6.301  
      g172997                    C v -> X v       sky130_fd_sc_hd__maj3_1   0.372  6.570    6.673  
      ADD_UNS_OP_g743            CIN v -> COUT v  sky130_fd_sc_hd__fa_1     0.389  6.958    7.061  
      ADD_UNS_OP_g742            CIN v -> COUT v  sky130_fd_sc_hd__fa_1     0.388  7.346    7.449  
      ADD_UNS_OP_g741            CIN v -> COUT v  sky130_fd_sc_hd__fa_1     0.396  7.741    7.845  
      ADD_UNS_OP_g740            CIN v -> COUT v  sky130_fd_sc_hd__fa_1     0.387  8.128    8.232  
      ADD_UNS_OP_g739            CIN v -> COUT v  sky130_fd_sc_hd__fa_1     0.396  8.524    8.628  
      ADD_UNS_OP_g738            CIN v -> COUT v  sky130_fd_sc_hd__fa_1     0.388  8.912    9.015  
      ADD_UNS_OP_g737            CIN v -> COUT v  sky130_fd_sc_hd__fa_1     0.381  9.293    9.396  
      ADD_UNS_OP_g736            CIN v -> COUT v  sky130_fd_sc_hd__fa_1     0.381  9.674    9.777  
      ADD_UNS_OP_g735            CIN v -> COUT v  sky130_fd_sc_hd__fa_1     0.382  10.056   10.159  
      ADD_UNS_OP_g734            CIN v -> SUM ^   sky130_fd_sc_hd__fa_2     0.525  10.581   10.684  
      g170549                    B1 ^ -> Y v      sky130_fd_sc_hd__a22oi_1  0.062  10.643   10.746  
      g170093                    B v -> Y ^       sky130_fd_sc_hd__nor2_1   0.074  10.718   10.821  
      reg_next_pc_reg[30]        D ^              sky130_fd_sc_hd__dfxtp_1  0.000  10.718   10.821  
      ----------------------------------------------------------------------------------------------
Path 4: MET Setup Check with Pin reg_op1_reg[31]/CLK 
Endpoint:   reg_op1_reg[31]/D    (v) checked with  leading edge of 'clk'
Beginpoint: decoded_imm_reg[0]/Q (v) triggered by  leading edge of 'clk'
Path Groups: {clk}
Other End Arrival Time          0.862
- Setup                         0.068
+ Phase Shift                  10.000
= Required Time                10.794
- Arrival Time                 10.652
= Slack Time                    0.142
     Clock Rise Edge                 0.000
     + Clock Network Latency (Prop)  0.889
     = Beginpoint Arrival Time       0.889
      --------------------------------------------------------------------------------------------------
      Instance                      Arc              Cell                       Delay  Arrival  Required  
                                                                                       Time     Time  
      --------------------------------------------------------------------------------------------------
      decoded_imm_reg[0]            CLK ^            -                          -      0.889    1.031  
      decoded_imm_reg[0]            CLK ^ -> Q v     sky130_fd_sc_hd__dfxtp_1   0.357  1.246    1.388  
      FE_OFC1754_decoded_imm_0      A v -> X v       sky130_fd_sc_hd__buf_4     0.153  1.399    1.541  
      add_1869_26_g2401             B v -> X v       sky130_fd_sc_hd__and2_1    0.181  1.580    1.722  
      add_1869_26_g2345             CIN v -> COUT v  sky130_fd_sc_hd__fa_1      0.406  1.986    2.129  
      add_1869_26_g2344             A v -> Y ^       sky130_fd_sc_hd__nand2_1   0.093  2.079    2.221  
      add_1869_26_g2342             A ^ -> Y v       sky130_fd_sc_hd__nand2_2   0.067  2.146    2.288  
      add_1869_26_g2341             A v -> Y ^       sky130_fd_sc_hd__nand2_1   0.068  2.215    2.357  
      add_1869_26_g2339             A ^ -> Y v       sky130_fd_sc_hd__nand2_2   0.066  2.280    2.423  
      add_1869_26_g2338             A v -> Y ^       sky130_fd_sc_hd__nand2_1   0.058  2.339    2.481  
      add_1869_26_g2336             A ^ -> Y v       sky130_fd_sc_hd__nand2_1   0.074  2.413    2.555  
      g173153                       CIN v -> COUT v  sky130_fd_sc_hd__fa_2      0.350  2.762    2.904  
      add_1869_26_g2332             A v -> Y ^       sky130_fd_sc_hd__nand2_1   0.064  2.827    2.969  
      add_1869_26_g2330             A ^ -> Y v       sky130_fd_sc_hd__nand2_1   0.073  2.900    3.042  
      g173152                       CIN v -> COUT v  sky130_fd_sc_hd__fa_1      0.409  3.309    3.451  
      add_1869_26_g2326             A v -> Y ^       sky130_fd_sc_hd__nand2_1   0.101  3.409    3.551  
      add_1869_26_g2323             B2 ^ -> X ^      sky130_fd_sc_hd__o221a_2   0.236  3.645    3.787  
      FE_RC_2_0                     A2 ^ -> Y v      sky130_fd_sc_hd__o21ai_2   0.071  3.717    3.859  
      g173151                       CIN v -> COUT v  sky130_fd_sc_hd__fa_1      0.370  4.086    4.228  
      g173150                       CIN v -> COUT v  sky130_fd_sc_hd__fa_1      0.377  4.463    4.606  
      g173149                       CIN v -> COUT v  sky130_fd_sc_hd__fa_1      0.376  4.839    4.982  
      add_1869_26_g2310             CIN v -> COUT v  sky130_fd_sc_hd__fa_1      0.415  5.254    5.397  
      FE_RC_11_0                    C v -> X v       sky130_fd_sc_hd__maj3_2    0.355  5.609    5.751  
      add_1869_26_g2308             B v -> Y ^       sky130_fd_sc_hd__nand2b_1  0.113  5.723    5.865  
      FE_RC_3_0                     A2 ^ -> Y v      sky130_fd_sc_hd__o211ai_2  0.099  5.822    5.964  
      add_1869_26_g2303             CIN v -> COUT v  sky130_fd_sc_hd__fa_1      0.408  6.230    6.372  
      add_1869_26_g2302             CIN v -> COUT v  sky130_fd_sc_hd__fa_1      0.385  6.615    6.757  
      add_1869_26_g2301             CIN v -> COUT v  sky130_fd_sc_hd__fa_1      0.389  7.004    7.147  
      add_1869_26_g2300             CIN v -> COUT v  sky130_fd_sc_hd__fa_1      0.396  7.401    7.543  
      add_1869_26_g2299             CIN v -> COUT v  sky130_fd_sc_hd__fa_1      0.406  7.806    7.949  
      add_1869_26_g2298             CIN v -> COUT v  sky130_fd_sc_hd__fa_2      0.370  8.176    8.318  
      add_1869_26_g2297             B v -> Y ^       sky130_fd_sc_hd__nand2b_1  0.103  8.279    8.421  
      FE_RC_0_0                     A2 ^ -> Y v      sky130_fd_sc_hd__o211ai_1  0.089  8.368    8.510  
      FE_OFC99_add_1869_26_n_1095   A v -> X v       sky130_fd_sc_hd__clkbuf_1  0.129  8.497    8.639  
      FE_RC_9_0                     C v -> X v       sky130_fd_sc_hd__maj3_2    0.327  8.824    8.966  
      FE_RC_5_0                     C v -> X v       sky130_fd_sc_hd__maj3_2    0.340  9.164    9.306  
      add_1869_26_g2290             B v -> Y ^       sky130_fd_sc_hd__nand2b_2  0.089  9.252    9.394  
      FE_RC_7_0                     A2 ^ -> Y v      sky130_fd_sc_hd__o211ai_2  0.076  9.328    9.470  
      FE_OFC104_add_1869_26_n_1079  A v -> X v       sky130_fd_sc_hd__buf_2     0.157  9.485    9.627  
      FE_RC_16_0                    C v -> X v       sky130_fd_sc_hd__maj3_2    0.312  9.797    9.940  
      g173163                       CIN v -> SUM v   sky130_fd_sc_hd__fa_1      0.412  10.209   10.351  
      g165871__7482                 A1 v -> Y ^      sky130_fd_sc_hd__a21oi_1   0.116  10.325   10.467  
      FE_OFC1758_n_4018             A ^ -> X ^       sky130_fd_sc_hd__buf_2     0.123  10.447   10.590  
      g165841__5107                 A ^ -> Y v       sky130_fd_sc_hd__nand4_1   0.067  10.514   10.656  
      FE_OFC1715_n_4034             A v -> X v       sky130_fd_sc_hd__buf_2     0.137  10.651   10.794  
      reg_op1_reg[31]               D v              sky130_fd_sc_hd__dfxbp_2   0.000  10.652   10.794  
      --------------------------------------------------------------------------------------------------
Path 5: MET Setup Check with Pin reg_out_reg[30]/CLK 
Endpoint:   reg_out_reg[30]/D    (v) checked with  leading edge of 'clk'
Beginpoint: decoded_imm_reg[1]/Q (v) triggered by  leading edge of 'clk'
Path Groups: {clk}
Other End Arrival Time          0.875
- Setup                         0.092
+ Phase Shift                  10.000
= Required Time                10.783
- Arrival Time                 10.610
= Slack Time                    0.173
     Clock Rise Edge                 0.000
     + Clock Network Latency (Prop)  0.898
     = Beginpoint Arrival Time       0.898
      -------------------------------------------------------------------------------------------------
      Instance                     Arc              Cell                       Delay  Arrival  Required  
                                                                                      Time     Time  
      -------------------------------------------------------------------------------------------------
      decoded_imm_reg[1]           CLK ^            -                          -      0.898    1.072  
      decoded_imm_reg[1]           CLK ^ -> Q v     sky130_fd_sc_hd__dfxtp_1   0.387  1.285    1.459  
      FE_OFC1907_decoded_imm_1     A v -> X v       sky130_fd_sc_hd__buf_4     0.171  1.456    1.630  
      add_1806_23_g2356            A v -> Y ^       sky130_fd_sc_hd__nand2_1   0.122  1.578    1.752  
      add_1806_23_g2304            A1 ^ -> Y v      sky130_fd_sc_hd__o21ai_2   0.102  1.681    1.854  
      add_1806_23_g2303            A v -> Y ^       sky130_fd_sc_hd__nand2_1   0.060  1.741    1.914  
      add_1806_23_g2301            A ^ -> Y v       sky130_fd_sc_hd__nand2_1   0.066  1.806    1.980  
      g173161                      CIN v -> COUT v  sky130_fd_sc_hd__fa_1      0.405  2.211    2.385  
      add_1806_23_g2297            CIN v -> COUT v  sky130_fd_sc_hd__fa_1      0.390  2.601    2.774  
      g173160                      CIN v -> COUT v  sky130_fd_sc_hd__fa_1      0.427  3.028    3.202  
      g173159                      CIN v -> COUT v  sky130_fd_sc_hd__fa_2      0.381  3.409    3.582  
      add_1806_23_g2290            A v -> Y ^       sky130_fd_sc_hd__nand2_1   0.107  3.516    3.689  
      add_1806_23_g2287            B2 ^ -> X ^      sky130_fd_sc_hd__o221a_2   0.248  3.764    3.938  
      FE_RC_15_0                   A2 ^ -> Y v      sky130_fd_sc_hd__o21ai_2   0.070  3.834    4.007  
      g173158                      CIN v -> COUT v  sky130_fd_sc_hd__fa_1      0.378  4.211    4.385  
      g173157                      CIN v -> COUT v  sky130_fd_sc_hd__fa_1      0.383  4.595    4.768  
      g173156                      CIN v -> COUT v  sky130_fd_sc_hd__fa_1      0.402  4.996    5.170  
      g173155                      CIN v -> COUT v  sky130_fd_sc_hd__fa_1      0.399  5.396    5.569  
      add_1806_23_g2271            CIN v -> COUT v  sky130_fd_sc_hd__fa_2      0.362  5.758    5.932  
      add_1806_23_g2270            A v -> Y ^       sky130_fd_sc_hd__nand2_1   0.103  5.862    6.035  
      FE_RC_18_0                   A2 ^ -> Y v      sky130_fd_sc_hd__o211ai_2  0.098  5.960    6.133  
      add_1806_23_g2265            CIN v -> COUT v  sky130_fd_sc_hd__fa_1      0.385  6.345    6.519  
      add_1806_23_g2264            CIN v -> COUT v  sky130_fd_sc_hd__fa_1      0.378  6.723    6.896  
      add_1806_23_g2263            CIN v -> COUT v  sky130_fd_sc_hd__fa_1      0.378  7.100    7.274  
      add_1806_23_g2262            CIN v -> COUT v  sky130_fd_sc_hd__fa_1      0.387  7.487    7.661  
      add_1806_23_g2261            CIN v -> COUT v  sky130_fd_sc_hd__fa_1      0.402  7.889    8.063  
      FE_RC_20_0                   C v -> X v       sky130_fd_sc_hd__maj3_2    0.344  8.233    8.406  
      add_1806_23_g2259            B v -> Y ^       sky130_fd_sc_hd__nand2b_1  0.102  8.335    8.508  
      FE_RC_13_0                   A2 ^ -> Y v      sky130_fd_sc_hd__o211ai_1  0.094  8.429    8.603  
      FE_OFC98_add_1806_23_n_1080  A v -> X v       sky130_fd_sc_hd__buf_1     0.116  8.545    8.718  
      add_1806_23_g2254            CIN v -> COUT v  sky130_fd_sc_hd__fa_1      0.366  8.910    9.084  
      add_1806_23_g2253            CIN v -> COUT v  sky130_fd_sc_hd__fa_1      0.375  9.285    9.459  
      add_1806_23_g2252            CIN v -> COUT v  sky130_fd_sc_hd__fa_1      0.377  9.662    9.836  
      add_1806_23_g2251            CIN v -> COUT v  sky130_fd_sc_hd__fa_1      0.380  10.042   10.216  
      add_1806_23_g2250            CIN v -> SUM v   sky130_fd_sc_hd__fa_1      0.422  10.464   10.638  
      g170732                      A v -> Y ^       sky130_fd_sc_hd__nand2_1   0.064  10.528   10.702  
      g168934                      A ^ -> Y v       sky130_fd_sc_hd__nand4_1   0.081  10.610   10.783  
      reg_out_reg[30]              D v              sky130_fd_sc_hd__dfxtp_1   0.000  10.610   10.783  
      -------------------------------------------------------------------------------------------------
Path 6: MET Setup Check with Pin alu_out_q_reg[31]/CLK 
Endpoint:   alu_out_q_reg[31]/D                      (v) checked with  leading edge of 'clk'
Beginpoint: is_lui_auipc_jal_jalr_addi_add_sub_reg/Q (v) triggered by  leading edge of 'clk'
Path Groups: {clk}
Other End Arrival Time          0.880
- Setup                         0.103
+ Phase Shift                  10.000
= Required Time                10.777
- Arrival Time                 10.544
= Slack Time                    0.232
     Clock Rise Edge                 0.000
     + Clock Network Latency (Prop)  0.955
     = Beginpoint Arrival Time       0.955
      ------------------------------------------------------------------------------------------------------------------
      Instance                                     Arc              Cell                        Delay  Arrival  Required  
                                                                                                       Time     Time  
      ------------------------------------------------------------------------------------------------------------------
      is_lui_auipc_jal_jalr_addi_add_sub_reg       CLK ^            -                           -      0.955    1.187  
      is_lui_auipc_jal_jalr_addi_add_sub_reg       CLK ^ -> Q v     sky130_fd_sc_hd__dfxtp_1    0.366  1.321    1.553  
      g76751__8428                                 B v -> X v       sky130_fd_sc_hd__and2_1     0.173  1.493    1.726  
      FE_ECOC57_n_4382                             A v -> X v       sky130_fd_sc_hd__buf_4      0.172  1.665    1.897  
      sub_1240_38_Y_add_1240_58_g2858              B v -> X v       sky130_fd_sc_hd__xor2_1     0.134  1.799    2.032  
      FE_OFC625_sub_1240_38_Y_add_1240_58_n_1603   A v -> X v       sky130_fd_sc_hd__clkbuf_1   0.118  1.918    2.150  
      sub_1240_38_Y_add_1240_58_g2820              B1 v -> Y ^      sky130_fd_sc_hd__o21ai_1    0.075  1.993    2.225  
      sub_1240_38_Y_add_1240_58_g2800              A ^ -> Y v       sky130_fd_sc_hd__nand2_1    0.115  2.108    2.340  
      sub_1240_38_Y_add_1240_58_g2777              A v -> Y ^       sky130_fd_sc_hd__clkinv_1   0.057  2.164    2.396  
      sub_1240_38_Y_add_1240_58_g2775              A2 ^ -> Y v      sky130_fd_sc_hd__o21ai_1    0.053  2.218    2.450  
      FE_OFC745_sub_1240_38_Y_add_1240_58_n_1458   A v -> X v       sky130_fd_sc_hd__clkbuf_1   0.124  2.341    2.574  
      sub_1240_38_Y_add_1240_58_g2774              A v -> Y ^       sky130_fd_sc_hd__nand2_1    0.062  2.404    2.636  
      sub_1240_38_Y_add_1240_58_g2772              A ^ -> Y v       sky130_fd_sc_hd__nand2_1    0.094  2.498    2.730  
      sub_1240_38_Y_add_1240_58_g2771              A v -> Y ^       sky130_fd_sc_hd__nand2_1    0.071  2.568    2.801  
      sub_1240_38_Y_add_1240_58_g2769              A ^ -> Y v       sky130_fd_sc_hd__nand2_1    0.102  2.670    2.902  
      sub_1240_38_Y_add_1240_58_g2768              A v -> Y ^       sky130_fd_sc_hd__nand2_1    0.092  2.762    2.994  
      sub_1240_38_Y_add_1240_58_g2766              A ^ -> Y v       sky130_fd_sc_hd__nand2_2    0.088  2.850    3.082  
      sub_1240_38_Y_add_1240_58_g2765              A v -> Y ^       sky130_fd_sc_hd__nand2_1    0.065  2.914    3.147  
      sub_1240_38_Y_add_1240_58_g2763              A ^ -> Y v       sky130_fd_sc_hd__nand2_1    0.096  3.011    3.243  
      sub_1240_38_Y_add_1240_58_g2762              A v -> Y ^       sky130_fd_sc_hd__nand2_1    0.070  3.081    3.313  
      sub_1240_38_Y_add_1240_58_g2760              A ^ -> Y v       sky130_fd_sc_hd__nand2_1    0.094  3.174    3.407  
      sub_1240_38_Y_add_1240_58_g2759              A v -> Y ^       sky130_fd_sc_hd__nand2_1    0.070  3.245    3.477  
      sub_1240_38_Y_add_1240_58_g2757              A ^ -> Y v       sky130_fd_sc_hd__nand2_1    0.091  3.336    3.568  
      sub_1240_38_Y_add_1240_58_g2756              A v -> Y ^       sky130_fd_sc_hd__nand2_1    0.089  3.424    3.656  
      sub_1240_38_Y_add_1240_58_g2753              B2 ^ -> X ^      sky130_fd_sc_hd__o221a_2    0.239  3.663    3.895  
      sub_1240_38_Y_add_1240_58_g2750              A2 ^ -> Y v      sky130_fd_sc_hd__o21ai_1    0.081  3.744    3.976  
      FE_OFC886_sub_1240_38_Y_add_1240_58_n_1405   A v -> X v       sky130_fd_sc_hd__clkbuf_1   0.126  3.870    4.102  
      sub_1240_38_Y_add_1240_58_g2749              A v -> Y ^       sky130_fd_sc_hd__nand2_1    0.060  3.929    4.161  
      sub_1240_38_Y_add_1240_58_g2747              A ^ -> Y v       sky130_fd_sc_hd__nand2_1    0.081  4.011    4.243  
      sub_1240_38_Y_add_1240_58_g2746              A v -> Y ^       sky130_fd_sc_hd__nand2_1    0.063  4.074    4.306  
      sub_1240_38_Y_add_1240_58_g2744              A ^ -> Y v       sky130_fd_sc_hd__nand2_1    0.076  4.149    4.382  
      sub_1240_38_Y_add_1240_58_g2743              CIN v -> COUT v  sky130_fd_sc_hd__fa_1       0.403  4.552    4.784  
      sub_1240_38_Y_add_1240_58_g2742              A v -> Y ^       sky130_fd_sc_hd__nand2_1    0.077  4.629    4.861  
      sub_1240_38_Y_add_1240_58_g2740              A ^ -> Y v       sky130_fd_sc_hd__nand2_1    0.072  4.701    4.934  
      sub_1240_38_Y_add_1240_58_g2739              CIN v -> COUT v  sky130_fd_sc_hd__fa_1       0.404  5.105    5.337  
      sub_1240_38_Y_add_1240_58_g2738              A v -> Y ^       sky130_fd_sc_hd__nand2_1    0.097  5.202    5.434  
      sub_1240_38_Y_add_1240_58_g2735              A2 ^ -> Y v      sky130_fd_sc_hd__o221ai_1   0.124  5.326    5.558  
      FE_OFC2231_sub_1240_38_Y_add_1240_58_n_1375  A v -> X v       sky130_fd_sc_hd__clkbuf_1   0.109  5.435    5.667  
      FE_OFC888_sub_1240_38_Y_add_1240_58_n_1375   A v -> X v       sky130_fd_sc_hd__clkbuf_1   0.098  5.532    5.765  
      sub_1240_38_Y_add_1240_58_g2733              CIN v -> COUT v  sky130_fd_sc_hd__fa_1       0.383  5.915    6.148  
      sub_1240_38_Y_add_1240_58_g2732              CIN v -> COUT v  sky130_fd_sc_hd__fa_1       0.379  6.294    6.527  
      sub_1240_38_Y_add_1240_58_g2731              CIN v -> COUT v  sky130_fd_sc_hd__fa_1       0.388  6.682    6.914  
      sub_1240_38_Y_add_1240_58_g2730              CIN v -> COUT v  sky130_fd_sc_hd__fa_1       0.412  7.094    7.326  
      sub_1240_38_Y_add_1240_58_g2729              CIN v -> COUT v  sky130_fd_sc_hd__fa_1       0.384  7.478    7.710  
      sub_1240_38_Y_add_1240_58_g2728              CIN v -> COUT v  sky130_fd_sc_hd__fa_1       0.385  7.863    8.095  
      FE_OFC2226_sub_1240_38_Y_add_1240_58_n_1359  A v -> X v       sky130_fd_sc_hd__clkbuf_1   0.141  8.004    8.237  
      sub_1240_38_Y_add_1240_58_g2727              A v -> Y ^       sky130_fd_sc_hd__clkinv_1   0.059  8.063    8.295  
      sub_1240_38_Y_add_1240_58_g2726              C ^ -> X ^       sky130_fd_sc_hd__or3_1      0.095  8.158    8.391  
      sub_1240_38_Y_add_1240_58_g2724              C1 ^ -> Y v      sky130_fd_sc_hd__o211ai_1   0.083  8.241    8.474  
      FE_OFC911_sub_1240_38_Y_add_1240_58_n_1350   A v -> X v       sky130_fd_sc_hd__clkbuf_1   0.123  8.364    8.596  
      sub_1240_38_Y_add_1240_58_g2721              CIN v -> COUT v  sky130_fd_sc_hd__fa_1       0.375  8.739    8.972  
      sub_1240_38_Y_add_1240_58_g2720              CIN v -> COUT v  sky130_fd_sc_hd__fa_1       0.425  9.165    9.397  
      sub_1240_38_Y_add_1240_58_g2719              B v -> Y ^       sky130_fd_sc_hd__nand2b_1   0.118  9.282    9.515  
      sub_1240_38_Y_add_1240_58_g2716              A2 ^ -> Y v      sky130_fd_sc_hd__o221ai_1   0.135  9.417    9.649  
      FE_OFC897_sub_1240_38_Y_add_1240_58_n_1333   A v -> X v       sky130_fd_sc_hd__clkbuf_1   0.134  9.551    9.784  
      sub_1240_38_Y_add_1240_58_g2714              CIN v -> COUT v  sky130_fd_sc_hd__fa_1       0.370  9.921    10.153  
      g173165                                      CIN v -> SUM v   sky130_fd_sc_hd__fa_1       0.417  10.338   10.570  
      g2                                           A v -> Y ^       sky130_fd_sc_hd__nand2_1    0.090  10.428   10.660  
      g169476                                      D1 ^ -> Y v      sky130_fd_sc_hd__o2111ai_1  0.117  10.544   10.777  
      alu_out_q_reg[31]                            D v              sky130_fd_sc_hd__dfxtp_1    0.000  10.544   10.777  
      ------------------------------------------------------------------------------------------------------------------
Path 7: MET Setup Check with Pin reg_next_pc_reg[29]/CLK 
Endpoint:   reg_next_pc_reg[29]/D (v) checked with  leading edge of 'clk'
Beginpoint: latched_branch_reg/Q  (v) triggered by  leading edge of 'clk'
Path Groups: {clk}
Other End Arrival Time          0.867
- Setup                         0.076
+ Phase Shift                  10.000
= Required Time                10.790
- Arrival Time                 10.280
= Slack Time                    0.511
     Clock Rise Edge                 0.000
     + Clock Network Latency (Prop)  0.873
     = Beginpoint Arrival Time       0.873
      ----------------------------------------------------------------------------------------------
      Instance                   Arc              Cell                      Delay  Arrival  Required  
                                                                                   Time     Time  
      ----------------------------------------------------------------------------------------------
      latched_branch_reg         CLK ^            -                         -      0.873    1.384  
      latched_branch_reg         CLK ^ -> Q v     sky130_fd_sc_hd__dfxbp_2  0.396  1.269    1.780  
      FE_OFC1740_latched_branch  A v -> X v       sky130_fd_sc_hd__buf_8    0.158  1.426    1.937  
      g77116__2802               A v -> X v       sky130_fd_sc_hd__and3_4   0.181  1.607    2.118  
      g77005__9315               A v -> Y ^       sky130_fd_sc_hd__nand2_1  0.059  1.666    2.177  
      g76939__6131               A ^ -> Y v       sky130_fd_sc_hd__nand2_1  0.049  1.716    2.227  
      g77271__1705               B1 v -> X v      sky130_fd_sc_hd__a21o_1   0.181  1.896    2.407  
      ADD_UNS_OP_g834            A v -> Y ^       sky130_fd_sc_hd__nand2_1  0.120  2.016    2.527  
      ADD_UNS_OP_g798            A1 ^ -> Y v      sky130_fd_sc_hd__o21ai_2  0.100  2.116    2.627  
      g173148                    B1 v -> Y ^      sky130_fd_sc_hd__o21ai_1  0.077  2.193    2.703  
      ADD_UNS_OP_g795            A ^ -> Y v       sky130_fd_sc_hd__nand2_1  0.109  2.301    2.812  
      ADD_UNS_OP_g794            B1 v -> Y ^      sky130_fd_sc_hd__o21ai_2  0.076  2.377    2.888  
      ADD_UNS_OP_g792            A ^ -> Y v       sky130_fd_sc_hd__nand2_2  0.075  2.452    2.963  
      ADD_UNS_OP_g791            A v -> Y ^       sky130_fd_sc_hd__nand2_1  0.072  2.525    3.036  
      ADD_UNS_OP_g789            A ^ -> Y v       sky130_fd_sc_hd__nand2_2  0.076  2.600    3.111  
      ADD_UNS_OP_g788            B1 v -> Y ^      sky130_fd_sc_hd__o21ai_2  0.055  2.655    3.166  
      ADD_UNS_OP_g786            A ^ -> Y v       sky130_fd_sc_hd__nand2_1  0.119  2.774    3.285  
      ADD_UNS_OP_g785            A v -> Y ^       sky130_fd_sc_hd__nand2_1  0.089  2.863    3.374  
      ADD_UNS_OP_g783            A ^ -> Y v       sky130_fd_sc_hd__nand2_2  0.063  2.926    3.437  
      ADD_UNS_OP_g782            A v -> Y ^       sky130_fd_sc_hd__nand2_1  0.071  2.997    3.508  
      ADD_UNS_OP_g780            A ^ -> Y v       sky130_fd_sc_hd__nand2_2  0.065  3.063    3.573  
      ADD_UNS_OP_g779            B1 v -> Y ^      sky130_fd_sc_hd__o21ai_1  0.076  3.139    3.650  
      ADD_UNS_OP_g777            A ^ -> Y v       sky130_fd_sc_hd__nand2_1  0.100  3.239    3.750  
      ADD_UNS_OP_g776            A v -> Y ^       sky130_fd_sc_hd__nand2_1  0.081  3.320    3.831  
      ADD_UNS_OP_g774            A ^ -> Y v       sky130_fd_sc_hd__nand2_2  0.061  3.382    3.893  
      ADD_UNS_OP_g773            A v -> Y ^       sky130_fd_sc_hd__nand2_1  0.065  3.447    3.958  
      ADD_UNS_OP_g771            A ^ -> Y v       sky130_fd_sc_hd__nand2_2  0.066  3.514    4.024  
      g173005                    C v -> X v       sky130_fd_sc_hd__maj3_2   0.322  3.836    4.347  
      g173004                    A v -> X v       sky130_fd_sc_hd__maj3_2   0.333  4.169    4.680  
      g173003                    C v -> X v       sky130_fd_sc_hd__maj3_2   0.341  4.510    5.020  
      g173002                    C v -> X v       sky130_fd_sc_hd__maj3_2   0.342  4.851    5.362  
      g173001                    C v -> X v       sky130_fd_sc_hd__maj3_2   0.334  5.185    5.696  
      g173000                    C v -> X v       sky130_fd_sc_hd__maj3_2   0.335  5.520    6.031  
      g172999                    C v -> X v       sky130_fd_sc_hd__maj3_2   0.323  5.843    6.354  
      g173154                    CIN v -> COUT v  sky130_fd_sc_hd__fa_2     0.354  6.198    6.708  
      g172997                    C v -> X v       sky130_fd_sc_hd__maj3_1   0.372  6.570    7.080  
      ADD_UNS_OP_g743            CIN v -> COUT v  sky130_fd_sc_hd__fa_1     0.389  6.958    7.469  
      ADD_UNS_OP_g742            CIN v -> COUT v  sky130_fd_sc_hd__fa_1     0.388  7.346    7.856  
      ADD_UNS_OP_g741            CIN v -> COUT v  sky130_fd_sc_hd__fa_1     0.396  7.741    8.252  
      ADD_UNS_OP_g740            CIN v -> COUT v  sky130_fd_sc_hd__fa_1     0.387  8.128    8.639  
      ADD_UNS_OP_g739            CIN v -> COUT v  sky130_fd_sc_hd__fa_1     0.396  8.524    9.035  
      ADD_UNS_OP_g738            CIN v -> COUT v  sky130_fd_sc_hd__fa_1     0.388  8.912    9.423  
      ADD_UNS_OP_g737            CIN v -> COUT v  sky130_fd_sc_hd__fa_1     0.381  9.293    9.804  
      ADD_UNS_OP_g736            CIN v -> COUT v  sky130_fd_sc_hd__fa_1     0.381  9.674    10.185  
      ADD_UNS_OP_g735            CIN v -> SUM v   sky130_fd_sc_hd__fa_1     0.415  10.089   10.599  
      g170552                    B1 v -> Y ^      sky130_fd_sc_hd__a22oi_1  0.136  10.224   10.735  
      g170088                    B ^ -> Y v       sky130_fd_sc_hd__nor2_1   0.055  10.280   10.790  
      reg_next_pc_reg[29]        D v              sky130_fd_sc_hd__dfxtp_1  0.000  10.280   10.790  
      ----------------------------------------------------------------------------------------------
Path 8: MET Setup Check with Pin reg_out_reg[29]/CLK 
Endpoint:   reg_out_reg[29]/D    (v) checked with  leading edge of 'clk'
Beginpoint: decoded_imm_reg[1]/Q (v) triggered by  leading edge of 'clk'
Path Groups: {clk}
Other End Arrival Time          0.884
- Setup                         0.084
+ Phase Shift                  10.000
= Required Time                10.801
- Arrival Time                 10.215
= Slack Time                    0.585
     Clock Rise Edge                 0.000
     + Clock Network Latency (Prop)  0.898
     = Beginpoint Arrival Time       0.898
      -------------------------------------------------------------------------------------------------
      Instance                     Arc              Cell                       Delay  Arrival  Required  
                                                                                      Time     Time  
      -------------------------------------------------------------------------------------------------
      decoded_imm_reg[1]           CLK ^            -                          -      0.898    1.484  
      decoded_imm_reg[1]           CLK ^ -> Q v     sky130_fd_sc_hd__dfxtp_1   0.387  1.285    1.871  
      FE_OFC1907_decoded_imm_1     A v -> X v       sky130_fd_sc_hd__buf_4     0.171  1.456    2.042  
      add_1806_23_g2356            A v -> Y ^       sky130_fd_sc_hd__nand2_1   0.122  1.578    2.164  
      add_1806_23_g2304            A1 ^ -> Y v      sky130_fd_sc_hd__o21ai_2   0.102  1.681    2.266  
      add_1806_23_g2303            A v -> Y ^       sky130_fd_sc_hd__nand2_1   0.060  1.741    2.326  
      add_1806_23_g2301            A ^ -> Y v       sky130_fd_sc_hd__nand2_1   0.066  1.806    2.392  
      g173161                      CIN v -> COUT v  sky130_fd_sc_hd__fa_1      0.405  2.211    2.797  
      add_1806_23_g2297            CIN v -> COUT v  sky130_fd_sc_hd__fa_1      0.390  2.601    3.186  
      g173160                      CIN v -> COUT v  sky130_fd_sc_hd__fa_1      0.427  3.028    3.614  
      g173159                      CIN v -> COUT v  sky130_fd_sc_hd__fa_2      0.381  3.409    3.994  
      add_1806_23_g2290            A v -> Y ^       sky130_fd_sc_hd__nand2_1   0.107  3.516    4.101  
      add_1806_23_g2287            B2 ^ -> X ^      sky130_fd_sc_hd__o221a_2   0.248  3.764    4.350  
      FE_RC_15_0                   A2 ^ -> Y v      sky130_fd_sc_hd__o21ai_2   0.070  3.834    4.419  
      g173158                      CIN v -> COUT v  sky130_fd_sc_hd__fa_1      0.378  4.211    4.797  
      g173157                      CIN v -> COUT v  sky130_fd_sc_hd__fa_1      0.383  4.595    5.180  
      g173156                      CIN v -> COUT v  sky130_fd_sc_hd__fa_1      0.402  4.996    5.582  
      g173155                      CIN v -> COUT v  sky130_fd_sc_hd__fa_1      0.399  5.396    5.981  
      add_1806_23_g2271            CIN v -> COUT v  sky130_fd_sc_hd__fa_2      0.362  5.758    6.344  
      add_1806_23_g2270            A v -> Y ^       sky130_fd_sc_hd__nand2_1   0.103  5.862    6.447  
      FE_RC_18_0                   A2 ^ -> Y v      sky130_fd_sc_hd__o211ai_2  0.098  5.960    6.545  
      add_1806_23_g2265            CIN v -> COUT v  sky130_fd_sc_hd__fa_1      0.385  6.345    6.931  
      add_1806_23_g2264            CIN v -> COUT v  sky130_fd_sc_hd__fa_1      0.378  6.723    7.308  
      add_1806_23_g2263            CIN v -> COUT v  sky130_fd_sc_hd__fa_1      0.378  7.100    7.686  
      add_1806_23_g2262            CIN v -> COUT v  sky130_fd_sc_hd__fa_1      0.387  7.487    8.073  
      add_1806_23_g2261            CIN v -> COUT v  sky130_fd_sc_hd__fa_1      0.402  7.889    8.475  
      FE_RC_20_0                   C v -> X v       sky130_fd_sc_hd__maj3_2    0.344  8.233    8.818  
      add_1806_23_g2259            B v -> Y ^       sky130_fd_sc_hd__nand2b_1  0.102  8.335    8.920  
      FE_RC_13_0                   A2 ^ -> Y v      sky130_fd_sc_hd__o211ai_1  0.094  8.429    9.015  
      FE_OFC98_add_1806_23_n_1080  A v -> X v       sky130_fd_sc_hd__buf_1     0.116  8.545    9.130  
      add_1806_23_g2254            CIN v -> COUT v  sky130_fd_sc_hd__fa_1      0.366  8.910    9.496  
      add_1806_23_g2253            CIN v -> COUT v  sky130_fd_sc_hd__fa_1      0.375  9.285    9.871  
      add_1806_23_g2252            CIN v -> COUT v  sky130_fd_sc_hd__fa_1      0.377  9.662    10.248  
      add_1806_23_g2251            CIN v -> SUM v   sky130_fd_sc_hd__fa_1      0.418  10.081   10.666  
      g170735                      A v -> Y ^       sky130_fd_sc_hd__nand2_1   0.064  10.145   10.730  
      g168932                      A ^ -> Y v       sky130_fd_sc_hd__nand4_1   0.071  10.215   10.801  
      reg_out_reg[29]              D v              sky130_fd_sc_hd__dfxtp_1   0.000  10.215   10.801  
      -------------------------------------------------------------------------------------------------
Path 9: MET Setup Check with Pin alu_out_q_reg[30]/CLK 
Endpoint:   alu_out_q_reg[30]/D                      (v) checked with  leading edge of 'clk'
Beginpoint: is_lui_auipc_jal_jalr_addi_add_sub_reg/Q (v) triggered by  leading edge of 'clk'
Path Groups: {clk}
Other End Arrival Time          0.867
- Setup                         0.106
+ Phase Shift                  10.000
= Required Time                10.761
- Arrival Time                 10.159
= Slack Time                    0.602
     Clock Rise Edge                 0.000
     + Clock Network Latency (Prop)  0.955
     = Beginpoint Arrival Time       0.955
      ------------------------------------------------------------------------------------------------------------------
      Instance                                     Arc              Cell                        Delay  Arrival  Required  
                                                                                                       Time     Time  
      ------------------------------------------------------------------------------------------------------------------
      is_lui_auipc_jal_jalr_addi_add_sub_reg       CLK ^            -                           -      0.955    1.558  
      is_lui_auipc_jal_jalr_addi_add_sub_reg       CLK ^ -> Q v     sky130_fd_sc_hd__dfxtp_1    0.366  1.321    1.923  
      g76751__8428                                 B v -> X v       sky130_fd_sc_hd__and2_1     0.173  1.493    2.096  
      FE_ECOC57_n_4382                             A v -> X v       sky130_fd_sc_hd__buf_4      0.172  1.665    2.268  
      sub_1240_38_Y_add_1240_58_g2858              B v -> X v       sky130_fd_sc_hd__xor2_1     0.134  1.799    2.402  
      FE_OFC625_sub_1240_38_Y_add_1240_58_n_1603   A v -> X v       sky130_fd_sc_hd__clkbuf_1   0.118  1.918    2.520  
      sub_1240_38_Y_add_1240_58_g2820              B1 v -> Y ^      sky130_fd_sc_hd__o21ai_1    0.075  1.993    2.595  
      sub_1240_38_Y_add_1240_58_g2800              A ^ -> Y v       sky130_fd_sc_hd__nand2_1    0.115  2.108    2.710  
      sub_1240_38_Y_add_1240_58_g2777              A v -> Y ^       sky130_fd_sc_hd__clkinv_1   0.057  2.164    2.767  
      sub_1240_38_Y_add_1240_58_g2775              A2 ^ -> Y v      sky130_fd_sc_hd__o21ai_1    0.053  2.218    2.820  
      FE_OFC745_sub_1240_38_Y_add_1240_58_n_1458   A v -> X v       sky130_fd_sc_hd__clkbuf_1   0.124  2.341    2.944  
      sub_1240_38_Y_add_1240_58_g2774              A v -> Y ^       sky130_fd_sc_hd__nand2_1    0.062  2.404    3.006  
      sub_1240_38_Y_add_1240_58_g2772              A ^ -> Y v       sky130_fd_sc_hd__nand2_1    0.094  2.498    3.100  
      sub_1240_38_Y_add_1240_58_g2771              A v -> Y ^       sky130_fd_sc_hd__nand2_1    0.071  2.568    3.171  
      sub_1240_38_Y_add_1240_58_g2769              A ^ -> Y v       sky130_fd_sc_hd__nand2_1    0.102  2.670    3.272  
      sub_1240_38_Y_add_1240_58_g2768              A v -> Y ^       sky130_fd_sc_hd__nand2_1    0.092  2.762    3.364  
      sub_1240_38_Y_add_1240_58_g2766              A ^ -> Y v       sky130_fd_sc_hd__nand2_2    0.088  2.850    3.452  
      sub_1240_38_Y_add_1240_58_g2765              A v -> Y ^       sky130_fd_sc_hd__nand2_1    0.065  2.914    3.517  
      sub_1240_38_Y_add_1240_58_g2763              A ^ -> Y v       sky130_fd_sc_hd__nand2_1    0.096  3.011    3.613  
      sub_1240_38_Y_add_1240_58_g2762              A v -> Y ^       sky130_fd_sc_hd__nand2_1    0.070  3.081    3.683  
      sub_1240_38_Y_add_1240_58_g2760              A ^ -> Y v       sky130_fd_sc_hd__nand2_1    0.094  3.174    3.777  
      sub_1240_38_Y_add_1240_58_g2759              A v -> Y ^       sky130_fd_sc_hd__nand2_1    0.070  3.245    3.847  
      sub_1240_38_Y_add_1240_58_g2757              A ^ -> Y v       sky130_fd_sc_hd__nand2_1    0.091  3.336    3.938  
      sub_1240_38_Y_add_1240_58_g2756              A v -> Y ^       sky130_fd_sc_hd__nand2_1    0.089  3.424    4.027  
      sub_1240_38_Y_add_1240_58_g2753              B2 ^ -> X ^      sky130_fd_sc_hd__o221a_2    0.239  3.663    4.265  
      sub_1240_38_Y_add_1240_58_g2750              A2 ^ -> Y v      sky130_fd_sc_hd__o21ai_1    0.081  3.744    4.346  
      FE_OFC886_sub_1240_38_Y_add_1240_58_n_1405   A v -> X v       sky130_fd_sc_hd__clkbuf_1   0.126  3.870    4.472  
      sub_1240_38_Y_add_1240_58_g2749              A v -> Y ^       sky130_fd_sc_hd__nand2_1    0.060  3.929    4.532  
      sub_1240_38_Y_add_1240_58_g2747              A ^ -> Y v       sky130_fd_sc_hd__nand2_1    0.081  4.011    4.613  
      sub_1240_38_Y_add_1240_58_g2746              A v -> Y ^       sky130_fd_sc_hd__nand2_1    0.063  4.074    4.676  
      sub_1240_38_Y_add_1240_58_g2744              A ^ -> Y v       sky130_fd_sc_hd__nand2_1    0.076  4.149    4.752  
      sub_1240_38_Y_add_1240_58_g2743              CIN v -> COUT v  sky130_fd_sc_hd__fa_1       0.403  4.552    5.154  
      sub_1240_38_Y_add_1240_58_g2742              A v -> Y ^       sky130_fd_sc_hd__nand2_1    0.077  4.629    5.232  
      sub_1240_38_Y_add_1240_58_g2740              A ^ -> Y v       sky130_fd_sc_hd__nand2_1    0.072  4.701    5.304  
      sub_1240_38_Y_add_1240_58_g2739              CIN v -> COUT v  sky130_fd_sc_hd__fa_1       0.404  5.105    5.708  
      sub_1240_38_Y_add_1240_58_g2738              A v -> Y ^       sky130_fd_sc_hd__nand2_1    0.097  5.202    5.804  
      sub_1240_38_Y_add_1240_58_g2735              A2 ^ -> Y v      sky130_fd_sc_hd__o221ai_1   0.124  5.326    5.928  
      FE_OFC2231_sub_1240_38_Y_add_1240_58_n_1375  A v -> X v       sky130_fd_sc_hd__clkbuf_1   0.109  5.435    6.037  
      FE_OFC888_sub_1240_38_Y_add_1240_58_n_1375   A v -> X v       sky130_fd_sc_hd__clkbuf_1   0.098  5.532    6.135  
      sub_1240_38_Y_add_1240_58_g2733              CIN v -> COUT v  sky130_fd_sc_hd__fa_1       0.383  5.915    6.518  
      sub_1240_38_Y_add_1240_58_g2732              CIN v -> COUT v  sky130_fd_sc_hd__fa_1       0.379  6.294    6.897  
      sub_1240_38_Y_add_1240_58_g2731              CIN v -> COUT v  sky130_fd_sc_hd__fa_1       0.388  6.682    7.284  
      sub_1240_38_Y_add_1240_58_g2730              CIN v -> COUT v  sky130_fd_sc_hd__fa_1       0.412  7.094    7.697  
      sub_1240_38_Y_add_1240_58_g2729              CIN v -> COUT v  sky130_fd_sc_hd__fa_1       0.384  7.478    8.081  
      sub_1240_38_Y_add_1240_58_g2728              CIN v -> COUT v  sky130_fd_sc_hd__fa_1       0.385  7.863    8.465  
      FE_OFC2226_sub_1240_38_Y_add_1240_58_n_1359  A v -> X v       sky130_fd_sc_hd__clkbuf_1   0.141  8.004    8.607  
      sub_1240_38_Y_add_1240_58_g2727              A v -> Y ^       sky130_fd_sc_hd__clkinv_1   0.059  8.063    8.665  
      sub_1240_38_Y_add_1240_58_g2726              C ^ -> X ^       sky130_fd_sc_hd__or3_1      0.095  8.158    8.761  
      sub_1240_38_Y_add_1240_58_g2724              C1 ^ -> Y v      sky130_fd_sc_hd__o211ai_1   0.083  8.241    8.844  
      FE_OFC911_sub_1240_38_Y_add_1240_58_n_1350   A v -> X v       sky130_fd_sc_hd__clkbuf_1   0.123  8.364    8.967  
      sub_1240_38_Y_add_1240_58_g2721              CIN v -> COUT v  sky130_fd_sc_hd__fa_1       0.375  8.739    9.342  
      sub_1240_38_Y_add_1240_58_g2720              CIN v -> COUT v  sky130_fd_sc_hd__fa_1       0.425  9.165    9.767  
      sub_1240_38_Y_add_1240_58_g2719              B v -> Y ^       sky130_fd_sc_hd__nand2b_1   0.118  9.282    9.885  
      sub_1240_38_Y_add_1240_58_g2716              A2 ^ -> Y v      sky130_fd_sc_hd__o221ai_1   0.135  9.417    10.020  
      FE_OFC897_sub_1240_38_Y_add_1240_58_n_1333   A v -> X v       sky130_fd_sc_hd__clkbuf_1   0.134  9.551    10.154  
      sub_1240_38_Y_add_1240_58_g2714              CIN v -> SUM v   sky130_fd_sc_hd__fa_1       0.426  9.978    10.580  
      g170717                                      A v -> Y ^       sky130_fd_sc_hd__nand2_1    0.068  10.046   10.648  
      g169473                                      D1 ^ -> Y v      sky130_fd_sc_hd__o2111ai_1  0.113  10.159   10.761  
      alu_out_q_reg[30]                            D v              sky130_fd_sc_hd__dfxtp_1    0.000  10.159   10.761  
      ------------------------------------------------------------------------------------------------------------------
Path 10: MET Setup Check with Pin reg_op1_reg[30]/CLK 
Endpoint:   reg_op1_reg[30]/D    (v) checked with  leading edge of 'clk'
Beginpoint: decoded_imm_reg[0]/Q (v) triggered by  leading edge of 'clk'
Path Groups: {clk}
Other End Arrival Time          0.850
- Setup                         0.084
+ Phase Shift                  10.000
= Required Time                10.766
- Arrival Time                 10.006
= Slack Time                    0.760
     Clock Rise Edge                 0.000
     + Clock Network Latency (Prop)  0.889
     = Beginpoint Arrival Time       0.889
      --------------------------------------------------------------------------------------------------
      Instance                      Arc              Cell                       Delay  Arrival  Required  
                                                                                       Time     Time  
      --------------------------------------------------------------------------------------------------
      decoded_imm_reg[0]            CLK ^            -                          -      0.889    1.649  
      decoded_imm_reg[0]            CLK ^ -> Q v     sky130_fd_sc_hd__dfxtp_1   0.357  1.246    2.006  
      FE_OFC1754_decoded_imm_0      A v -> X v       sky130_fd_sc_hd__buf_4     0.153  1.399    2.159  
      add_1869_26_g2401             B v -> X v       sky130_fd_sc_hd__and2_1    0.181  1.580    2.340  
      add_1869_26_g2345             CIN v -> COUT v  sky130_fd_sc_hd__fa_1      0.406  1.986    2.746  
      add_1869_26_g2344             A v -> Y ^       sky130_fd_sc_hd__nand2_1   0.093  2.079    2.839  
      add_1869_26_g2342             A ^ -> Y v       sky130_fd_sc_hd__nand2_2   0.067  2.146    2.906  
      add_1869_26_g2341             A v -> Y ^       sky130_fd_sc_hd__nand2_1   0.068  2.215    2.975  
      add_1869_26_g2339             A ^ -> Y v       sky130_fd_sc_hd__nand2_2   0.066  2.280    3.040  
      add_1869_26_g2338             A v -> Y ^       sky130_fd_sc_hd__nand2_1   0.058  2.339    3.099  
      add_1869_26_g2336             A ^ -> Y v       sky130_fd_sc_hd__nand2_1   0.074  2.413    3.173  
      g173153                       CIN v -> COUT v  sky130_fd_sc_hd__fa_2      0.350  2.762    3.522  
      add_1869_26_g2332             A v -> Y ^       sky130_fd_sc_hd__nand2_1   0.064  2.827    3.587  
      add_1869_26_g2330             A ^ -> Y v       sky130_fd_sc_hd__nand2_1   0.073  2.900    3.660  
      g173152                       CIN v -> COUT v  sky130_fd_sc_hd__fa_1      0.409  3.309    4.069  
      add_1869_26_g2326             A v -> Y ^       sky130_fd_sc_hd__nand2_1   0.101  3.409    4.169  
      add_1869_26_g2323             B2 ^ -> X ^      sky130_fd_sc_hd__o221a_2   0.236  3.645    4.405  
      FE_RC_2_0                     A2 ^ -> Y v      sky130_fd_sc_hd__o21ai_2   0.071  3.717    4.477  
      g173151                       CIN v -> COUT v  sky130_fd_sc_hd__fa_1      0.370  4.086    4.846  
      g173150                       CIN v -> COUT v  sky130_fd_sc_hd__fa_1      0.377  4.463    5.223  
      g173149                       CIN v -> COUT v  sky130_fd_sc_hd__fa_1      0.376  4.839    5.599  
      add_1869_26_g2310             CIN v -> COUT v  sky130_fd_sc_hd__fa_1      0.415  5.254    6.014  
      FE_RC_11_0                    C v -> X v       sky130_fd_sc_hd__maj3_2    0.355  5.609    6.369  
      add_1869_26_g2308             B v -> Y ^       sky130_fd_sc_hd__nand2b_1  0.113  5.723    6.483  
      FE_RC_3_0                     A2 ^ -> Y v      sky130_fd_sc_hd__o211ai_2  0.099  5.822    6.582  
      add_1869_26_g2303             CIN v -> COUT v  sky130_fd_sc_hd__fa_1      0.408  6.230    6.990  
      add_1869_26_g2302             CIN v -> COUT v  sky130_fd_sc_hd__fa_1      0.385  6.615    7.375  
      add_1869_26_g2301             CIN v -> COUT v  sky130_fd_sc_hd__fa_1      0.389  7.004    7.764  
      add_1869_26_g2300             CIN v -> COUT v  sky130_fd_sc_hd__fa_1      0.396  7.401    8.161  
      add_1869_26_g2299             CIN v -> COUT v  sky130_fd_sc_hd__fa_1      0.406  7.806    8.566  
      add_1869_26_g2298             CIN v -> COUT v  sky130_fd_sc_hd__fa_2      0.370  8.176    8.936  
      add_1869_26_g2297             B v -> Y ^       sky130_fd_sc_hd__nand2b_1  0.103  8.279    9.039  
      FE_RC_0_0                     A2 ^ -> Y v      sky130_fd_sc_hd__o211ai_1  0.089  8.368    9.128  
      FE_OFC99_add_1869_26_n_1095   A v -> X v       sky130_fd_sc_hd__clkbuf_1  0.129  8.497    9.257  
      FE_RC_9_0                     C v -> X v       sky130_fd_sc_hd__maj3_2    0.327  8.824    9.584  
      FE_RC_5_0                     C v -> X v       sky130_fd_sc_hd__maj3_2    0.340  9.164    9.924  
      add_1869_26_g2290             B v -> Y ^       sky130_fd_sc_hd__nand2b_2  0.089  9.252    10.012  
      FE_RC_7_0                     A2 ^ -> Y v      sky130_fd_sc_hd__o211ai_2  0.076  9.328    10.088  
      FE_OFC104_add_1869_26_n_1079  A v -> X v       sky130_fd_sc_hd__buf_2     0.157  9.485    10.245  
      FE_RC_17_0                    C v -> X v       sky130_fd_sc_hd__xor3_1    0.178  9.663    10.423  
      g165842__6260                 A1 v -> X v      sky130_fd_sc_hd__a2111o_1  0.343  10.006   10.766  
      reg_op1_reg[30]               D v              sky130_fd_sc_hd__dfxbp_2   0.000  10.006   10.766  
      --------------------------------------------------------------------------------------------------

